<?xml version="1.0" encoding="UTF-8"?>
<!-- Generated by org.testng.reporters.JUnitReportReporter -->
<testsuite hostname="VLSYS51-20" name="Testing.Demo" tests="1" failures="0" timestamp="27 Nov 2024 12:21:26 GMT" time="46.655" errors="0">
  <testcase name="test1" time="46.655" classname="Testing.Demo"/>
</testsuite> <!-- Testing.Demo -->
